<?xml version="1.0" encoding="UTF-8"?>
<!-- Generated by org.testng.reporters.JUnitReportReporter -->
<testsuite skipped="0" hostname="NCA1031772" name="com.facebook.test.FacebookSignupTest" tests="1" failures="0" timestamp="02 Mar 2019 07:20:32 GMT" time="7.016" errors="0">
  <testcase name="validateclickOnSignUpButtonWhenUserInformationIsBlank" time="7.016" classname="com.facebook.test.FacebookSignupTest"/>
</testsuite> <!-- com.facebook.test.FacebookSignupTest -->
